<?xml version="1.0" encoding="UTF-8"?>
<testng-results skipped="0" failed="0" total="3" passed="3">
  <reporter-output>
  </reporter-output>
  <suite name="Default suite" duration-ms="19338" started-at="2014-02-17T21:43:29Z" finished-at="2014-02-17T21:43:48Z">
    <groups>
    </groups>
    <test name="Default test" duration-ms="19338" started-at="2014-02-17T21:43:29Z" finished-at="2014-02-17T21:43:48Z">
      <class name="com.scm.test.TestNGSel">
        <test-method status="PASS" signature="beforeSuite()[pri:0, instance:com.scm.test.TestNGSel@213651ed]" name="beforeSuite" is-config="true" duration-ms="10" started-at="2014-02-17T13:43:29Z" finished-at="2014-02-17T13:43:29Z">
          <reporter-output>
          </reporter-output>
        </test-method> <!-- beforeSuite -->
        <test-method status="PASS" signature="beforeTest()[pri:0, instance:com.scm.test.TestNGSel@213651ed]" name="beforeTest" is-config="true" duration-ms="0" started-at="2014-02-17T13:43:29Z" finished-at="2014-02-17T13:43:29Z">
          <reporter-output>
          </reporter-output>
        </test-method> <!-- beforeTest -->
        <test-method status="PASS" signature="beforeClass()[pri:0, instance:com.scm.test.TestNGSel@213651ed]" name="beforeClass" is-config="true" duration-ms="0" started-at="2014-02-17T13:43:29Z" finished-at="2014-02-17T13:43:29Z">
          <reporter-output>
          </reporter-output>
        </test-method> <!-- beforeClass -->
        <test-method status="PASS" signature="setBaseURL()[pri:0, instance:com.scm.test.TestNGSel@213651ed]" name="setBaseURL" is-config="true" duration-ms="11381" started-at="2014-02-17T13:43:29Z" finished-at="2014-02-17T13:43:41Z">
          <reporter-output>
          </reporter-output>
        </test-method> <!-- setBaseURL -->
        <test-method status="PASS" signature="TestManageFlights()[pri:0, instance:com.scm.test.TestNGSel@213651ed]" name="TestManageFlights" duration-ms="7020" started-at="2014-02-17T13:43:41Z" finished-at="2014-02-17T13:43:48Z">
          <reporter-output>
          </reporter-output>
        </test-method> <!-- TestManageFlights -->
        <test-method status="PASS" signature="afterMethod()[pri:0, instance:com.scm.test.TestNGSel@213651ed]" name="afterMethod" is-config="true" duration-ms="1" started-at="2014-02-17T13:43:48Z" finished-at="2014-02-17T13:43:48Z">
          <reporter-output>
          </reporter-output>
        </test-method> <!-- afterMethod -->
        <test-method status="PASS" signature="f(java.lang.Integer, java.lang.String)[pri:0, instance:com.scm.test.TestNGSel@213651ed]" name="f" duration-ms="1" started-at="2014-02-17T13:43:48Z" data-provider="dp" finished-at="2014-02-17T13:43:48Z">
          <params>
            <param index="0">
              <value>
                <![CDATA[1]]>
              </value>
            </param>
            <param index="1">
              <value>
                <![CDATA[a]]>
              </value>
            </param>
          </params>
          <reporter-output>
          </reporter-output>
        </test-method> <!-- f -->
        <test-method status="PASS" signature="afterMethod()[pri:0, instance:com.scm.test.TestNGSel@213651ed]" name="afterMethod" is-config="true" duration-ms="0" started-at="2014-02-17T13:43:48Z" finished-at="2014-02-17T13:43:48Z">
          <reporter-output>
          </reporter-output>
        </test-method> <!-- afterMethod -->
        <test-method status="PASS" signature="f(java.lang.Integer, java.lang.String)[pri:0, instance:com.scm.test.TestNGSel@213651ed]" name="f" duration-ms="0" started-at="2014-02-17T13:43:48Z" data-provider="dp" finished-at="2014-02-17T13:43:48Z">
          <params>
            <param index="0">
              <value>
                <![CDATA[2]]>
              </value>
            </param>
            <param index="1">
              <value>
                <![CDATA[b]]>
              </value>
            </param>
          </params>
          <reporter-output>
          </reporter-output>
        </test-method> <!-- f -->
        <test-method status="PASS" signature="afterMethod()[pri:0, instance:com.scm.test.TestNGSel@213651ed]" name="afterMethod" is-config="true" duration-ms="1" started-at="2014-02-17T13:43:48Z" finished-at="2014-02-17T13:43:48Z">
          <reporter-output>
          </reporter-output>
        </test-method> <!-- afterMethod -->
        <test-method status="PASS" signature="afterClass()[pri:0, instance:com.scm.test.TestNGSel@213651ed]" name="afterClass" is-config="true" duration-ms="913" started-at="2014-02-17T13:43:48Z" finished-at="2014-02-17T13:43:48Z">
          <reporter-output>
          </reporter-output>
        </test-method> <!-- afterClass -->
        <test-method status="PASS" signature="afterTest()[pri:0, instance:com.scm.test.TestNGSel@213651ed]" name="afterTest" is-config="true" duration-ms="0" started-at="2014-02-17T13:43:48Z" finished-at="2014-02-17T13:43:48Z">
          <reporter-output>
          </reporter-output>
        </test-method> <!-- afterTest -->
        <test-method status="PASS" signature="afterSuite()[pri:0, instance:com.scm.test.TestNGSel@213651ed]" name="afterSuite" is-config="true" duration-ms="0" started-at="2014-02-17T13:43:49Z" finished-at="2014-02-17T13:43:49Z">
          <reporter-output>
          </reporter-output>
        </test-method> <!-- afterSuite -->
      </class> <!-- com.scm.test.TestNGSel -->
    </test> <!-- Default test -->
  </suite> <!-- Default suite -->
</testng-results>
