<?xml version="1.0" encoding="UTF-8"?>
<!-- Generated by org.testng.reporters.JUnitXMLReporter -->
<testsuite hostname="ADMINIB-8Q6IAUJ" name="Default test" tests="3" failures="0" timestamp="17 Feb 2014 21:43:49 GMT" time="19.338" errors="0">
  <testcase name="TestManageFlights" time="7.02" classname="com.scm.test.TestNGSel"/>
  <testcase name="f" time="0.001" classname="com.scm.test.TestNGSel"/>
  <testcase name="f" time="0.0" classname="com.scm.test.TestNGSel"/>
</testsuite> <!-- Default test -->
